2026-02-01T14:30:41.733+03:00  INFO 10288 --- [niffler-currency] [main] g.qa.niffler.NifflerCurrencyApplication  : Starting NifflerCurrencyApplication using Java 21.0.8 with PID 10288 (D:\Courses\niffler-at-courses\niffler-currency\build\classes\java\main started by esyti in D:\Courses\niffler-at-courses)
2026-02-01T14:30:41.736+03:00  INFO 10288 --- [niffler-currency] [main] g.qa.niffler.NifflerCurrencyApplication  : The following 1 profile is active: "local"
2026-02-01T14:30:41.810+03:00  INFO 10288 --- [niffler-currency] [main] g.qa.niffler.service.PropertiesLogger    : ******* systemProperties *******
2026-02-01T14:30:41.812+03:00  INFO 10288 --- [niffler-currency] [main] g.qa.niffler.service.PropertiesLogger    : APPLICATION_NAME=niffler-currency
2026-02-01T14:30:41.813+03:00  INFO 10288 --- [niffler-currency] [main] g.qa.niffler.service.PropertiesLogger    : CONSOLE_LOG_CHARSET=UTF-8
2026-02-01T14:30:41.813+03:00  INFO 10288 --- [niffler-currency] [main] g.qa.niffler.service.PropertiesLogger    : FILE_LOG_CHARSET=UTF-8
2026-02-01T14:30:41.813+03:00  INFO 10288 --- [niffler-currency] [main] g.qa.niffler.service.PropertiesLogger    : LOGGED_APPLICATION_NAME=[niffler-currency] 
2026-02-01T14:30:41.813+03:00  INFO 10288 --- [niffler-currency] [main] g.qa.niffler.service.PropertiesLogger    : LOG_FILE=.\logs\niffler-currency\spring.log
2026-02-01T14:30:41.813+03:00  INFO 10288 --- [niffler-currency] [main] g.qa.niffler.service.PropertiesLogger    : LOG_PATH=./logs/niffler-currency
2026-02-01T14:30:41.814+03:00  INFO 10288 --- [niffler-currency] [main] g.qa.niffler.service.PropertiesLogger    : PID=10288
2026-02-01T14:30:41.814+03:00  INFO 10288 --- [niffler-currency] [main] g.qa.niffler.service.PropertiesLogger    : com.sun.management.jmxremote=
2026-02-01T14:30:41.814+03:00  INFO 10288 --- [niffler-currency] [main] g.qa.niffler.service.PropertiesLogger    : file.encoding=UTF-8
2026-02-01T14:30:41.814+03:00  INFO 10288 --- [niffler-currency] [main] g.qa.niffler.service.PropertiesLogger    : file.separator=\
2026-02-01T14:30:41.815+03:00  INFO 10288 --- [niffler-currency] [main] g.qa.niffler.service.PropertiesLogger    : java.awt.headless=true
2026-02-01T14:30:41.815+03:00  INFO 10288 --- [niffler-currency] [main] g.qa.niffler.service.PropertiesLogger    : java.class.path=D:\Courses\niffler-at-courses\niffler-currency\build\classes\java\main;D:\Courses\niffler-at-courses\niffler-currency\build\resources\main;D:\Program Files\gradle\caches\modules-2\files-2.1\org.projectlombok\lombok\1.18.42\8365263844ebb62398e0dc33057ba10ba472d3b8\lombok-1.18.42.jar;D:\Courses\niffler-at-courses\niffler-grpc-common\build\classes\java\main;D:\Courses\niffler-at-courses\niffler-grpc-common\build\resources\main;D:\Program Files\gradle\caches\modules-2\files-2.1\org.springframework.boot\spring-boot-starter-data-jpa\3.5.5\1b0c807e0f584dcf2c8fe7360c07ff18faeacf30\spring-boot-starter-data-jpa-3.5.5.jar;D:\Program Files\gradle\caches\modules-2\files-2.1\net.devh\grpc-server-spring-boot-starter\3.1.0.RELEASE\351d46edd2e6d7444298f7711e17fbe8d8608755\grpc-server-spring-boot-starter-3.1.0.RELEASE.jar;D:\Program Files\gradle\caches\modules-2\files-2.1\com.google.protobuf\protobuf-java-util\4.32.0\59ad938c01513617eb0b646d81d02bb2ccfcdc81\protobuf-java-util-4.32.0.jar;D:\Program Files\gradle\caches\modules-2\files-2.1\io.grpc\grpc-netty-shaded\1.75.0\fc098b0cad2a1085d17dbef2356f6485d4aab88b\grpc-netty-shaded-1.75.0.jar;D:\Program Files\gradle\caches\modules-2\files-2.1\io.grpc\grpc-services\1.75.0\3ed3ebdc3ea91f70e67deb5af8ffca12ca0d2c5d\grpc-services-1.75.0.jar;D:\Program Files\gradle\caches\modules-2\files-2.1\org.springframework.cloud\spring-cloud-starter-vault-config\4.3.0\ad2d3db2f31e1f1f91e7fc8b864f32bf00549ab3\spring-cloud-starter-vault-config-4.3.0.jar;D:\Program Files\gradle\caches\modules-2\files-2.1\org.flywaydb\flyway-database-postgresql\11.13.1\6cc0ca5f77267dcc1f4e1843934616e5f45b7265\flyway-database-postgresql-11.13.1.jar;D:\Program Files\gradle\caches\modules-2\files-2.1\org.flywaydb\flyway-core\11.13.1\3d44db5cf1ddb86b682c5f961675fe8606b7b0d5\flyway-core-11.13.1.jar;D:\Program Files\gradle\caches\modules-2\files-2.1\org.springframework.boot\spring-boot-starter-jdbc\3.5.5\25ab9d086e35f606ea0147b10defdd1c8be3f25\spring-boot-starter-jdbc-3.5.5.jar;D:\Program Files\gradle\caches\modules-2\files-2.1\org.springframework.boot\spring-boot-starter\3.5.5\f0e27ab73519ebebfc72c9b16ccde342cc9f599d\spring-boot-starter-3.5.5.jar;D:\Program Files\gradle\caches\modules-2\files-2.1\org.hibernate.orm\hibernate-core\6.6.26.Final\4a89014a34c7c46d15da49de85aa879c603c962\hibernate-core-6.6.26.Final.jar;D:\Program Files\gradle\caches\modules-2\files-2.1\org.springframework.data\spring-data-jpa\3.5.3\ed2764475a3c53fec8d1b844f9700ce6427b29dc\spring-data-jpa-3.5.3.jar;D:\Program Files\gradle\caches\modules-2\files-2.1\org.springframework\spring-aspects\6.2.10\34303b4c9a50261522dbce2d4c3c659660b3c33\spring-aspects-6.2.10.jar;D:\Program Files\gradle\caches\modules-2\files-2.1\net.devh\grpc-common-spring-boot\3.1.0.RELEASE\6e099d9299f4869082c9ef90789252b79f0755cb\grpc-common-spring-boot-3.1.0.RELEASE.jar;D:\Program Files\gradle\caches\modules-2\files-2.1\com.google.protobuf\protobuf-java\4.32.0\325c56fe5bb79cf288162d2d8d5f70b53fe1f507\protobuf-java-4.32.0.jar;D:\Program Files\gradle\caches\modules-2\files-2.1\io.grpc\grpc-core\1.75.0\c042165745c0bb4f80774ec066659dce7064aaef\grpc-core-1.75.0.jar;D:\Program Files\gradle\caches\modules-2\files-2.1\io.grpc\grpc-stub\1.75.0\2def36acc24580a2414e17339f94d10b7c057361\grpc-stub-1.75.0.jar;D:\Program Files\gradle\caches\modules-2\files-2.1\org.springframework.cloud\spring-cloud-vault-config\4.3.0\39d15a70804de9033eaceee81dee939fb168c597\spring-cloud-vault-config-4.3.0.jar;D:\Program Files\gradle\caches\modules-2\files-2.1\org.springframework.cloud\spring-cloud-starter\4.3.0\8e794c3b8438450bf8d7cfbb936bb05344a54397\spring-cloud-starter-4.3.0.jar;D:\Program Files\gradle\caches\modules-2\files-2.1\org.apache.httpcomponents.client5\httpclient5\5.5\4b3d253351cf74eb0ae8eb21ca5a5fb9815ef861\httpclient5-5.5.jar;D:\Program Files\gradle\caches\modules-2\files-2.1\org.apache.httpcomponents.core5\httpcore5\5.3.4\ea47f0fe6e00ffb07cec3a0cb1bb801b1a9cc353\httpcore5-5.3.4.jar;D:\Program Files\gradle\caches\modules-2\files-2.1\org.springframework.vault\spring-vault-core\3.2.0\8d989a920727115982d9a2cc3de313ac4df138d0\spring-vault-core-3.2.0.jar;D:\Program Files\gradle\caches\modules-2\files-2.1\com.fasterxml.jackson.core\jackson-databind\2.19.2\46509399d28f57ca32c6bb4b0d4e10e8f062051e\jackson-databind-2.19.2.jar;D:\Program Files\gradle\caches\modules-2\files-2.1\org.springframework\spring-jdbc\6.2.10\4514e36bf0880464b9b55ecf0ea6ebd7362b664\spring-jdbc-6.2.10.jar;D:\Program Files\gradle\caches\modules-2\files-2.1\com.zaxxer\HikariCP\6.3.2\d09ad7d252c2a8daaa99ed5f3b0d54f95b9b344\HikariCP-6.3.2.jar;D:\Program Files\gradle\caches\modules-2\files-2.1\org.springframework.boot\spring-boot-autoconfigure\3.5.5\348f4fb99d61a1ea039a44ec667b61657adb54b2\spring-boot-autoconfigure-3.5.5.jar;D:\Program Files\gradle\caches\modules-2\files-2.1\org.springframework.boot\spring-boot\3.5.5\7d50b76ea4905d6c61fea5cb6556bc735c55da1\spring-boot-3.5.5.jar;D:\Program Files\gradle\caches\modules-2\files-2.1\org.springframework.boot\spring-boot-starter-logging\3.5.5\981750c503485e442e37b7cac1dc19c5ddfc6d58\spring-boot-starter-logging-3.5.5.jar;D:\Program Files\gradle\caches\modules-2\files-2.1\jakarta.annotation\jakarta.annotation-api\2.1.1\48b9bda22b091b1f48b13af03fe36db3be6e1ae3\jakarta.annotation-api-2.1.1.jar;D:\Program Files\gradle\caches\modules-2\files-2.1\org.springframework\spring-core\6.2.10\82d9c797f9147b643ac0aab8a1a40e96f8d8a737\spring-core-6.2.10.jar;D:\Program Files\gradle\caches\modules-2\files-2.1\org.yaml\snakeyaml\2.4\e0666b825b796f85521f02360e77f4c92c5a7a07\snakeyaml-2.4.jar;D:\Program Files\gradle\caches\modules-2\files-2.1\jakarta.persistence\jakarta.persistence-api\3.1.0\66901fa1c373c6aff65c13791cc11da72060a8d6\jakarta.persistence-api-3.1.0.jar;D:\Program Files\gradle\caches\modules-2\files-2.1\jakarta.transaction\jakarta.transaction-api\2.0.1\51a520e3fae406abb84e2e1148e6746ce3f80a1a\jakarta.transaction-api-2.0.1.jar;D:\Program Files\gradle\caches\modules-2\files-2.1\org.springframework\spring-orm\6.2.10\4bf04f4693bfbb56248b0dccc7f5e0ec77f95ca6\spring-orm-6.2.10.jar;D:\Program Files\gradle\caches\modules-2\files-2.1\org.springframework.data\spring-data-commons\3.5.3\886e56cfc383f757f057901dc7c448d8dcc73fed\spring-data-commons-3.5.3.jar;D:\Program Files\gradle\caches\modules-2\files-2.1\org.springframework\spring-context\6.2.10\80464a79539a19a00e32eccb041670f34857fe7\spring-context-6.2.10.jar;D:\Program Files\gradle\caches\modules-2\files-2.1\org.springframework\spring-aop\6.2.10\2b194c29deaadb71a8a8e5b8b41d9521c29a0d66\spring-aop-6.2.10.jar;D:\Program Files\gradle\caches\modules-2\files-2.1\org.springframework\spring-tx\6.2.10\bd4915d9862f127b45bae75195622d84f36a5373\spring-tx-6.2.10.jar;D:\Program Files\gradle\caches\modules-2\files-2.1\org.springframework\spring-beans\6.2.10\88ffda89593a74bb356a96ea2ed235ec6e083cfa\spring-beans-6.2.10.jar;D:\Program Files\gradle\caches\modules-2\files-2.1\org.antlr\antlr4-runtime\4.13.0\5a02e48521624faaf5ff4d99afc88b01686af655\antlr4-runtime-4.13.0.jar;D:\Program Files\gradle\caches\modules-2\files-2.1\org.slf4j\slf4j-api\2.0.17\d9e58ac9c7779ba3bf8142aff6c830617a7fe60f\slf4j-api-2.0.17.jar;D:\Program Files\gradle\caches\modules-2\files-2.1\org.aspectj\aspectjweaver\1.9.24\9b5aeb0cea9f958b9c57fb80e62996e95a3e9379\aspectjweaver-1.9.24.jar;D:\Program Files\gradle\caches\modules-2\files-2.1\io.grpc\grpc-api\1.75.0\18ddd409fb9bc0209d216854ca584d027e68210b\grpc-api-1.75.0.jar;D:\Program Files\gradle\caches\modules-2\files-2.1\org.codehaus.mojo\animal-sniffer-annotations\1.24\aa9ba58d30e0aad7f1808fce9c541ea3760678d8\animal-sniffer-annotations-1.24.jar;D:\Program Files\gradle\caches\modules-2\files-2.1\com.google.guava\guava\33.3.1-android\852f8b363da0111e819460021ca693cacca3e8db\guava-33.3.1-jre.jar;D:\Program Files\gradle\caches\modules-2\files-2.1\org.springframework\spring-web\6.2.10\38c2f6633a44b385b6263294c38e5a4f217c005c\spring-web-6.2.10.jar;D:\Program Files\gradle\caches\modules-2\files-2.1\org.springframework.cloud\spring-cloud-context\4.3.0\831b237375831042b7838570db74df44bdea5aa6\spring-cloud-context-4.3.0.jar;D:\Program Files\gradle\caches\modules-2\files-2.1\org.springframework.cloud\spring-cloud-commons\4.3.0\e939caa4370105f53b1213520692615bed7605f3\spring-cloud-commons-4.3.0.jar;D:\Program Files\gradle\caches\modules-2\files-2.1\org.bouncycastle\bcprov-jdk18on\1.80\e22100b41042decf09cab914a5af8d2c57b5ac4a\bcprov-jdk18on-1.80.jar;D:\Program Files\gradle\caches\modules-2\files-2.1\org.apache.httpcomponents.core5\httpcore5-h2\5.3.4\3742a9a9ba3a5a0d45be230093b52a1302a561e2\httpcore5-h2-5.3.4.jar;D:\Program Files\gradle\caches\modules-2\files-2.1\com.fasterxml.jackson.core\jackson-annotations\2.19.2\c5381f11988ae3d424b197a26087d86067b6d7d\jackson-annotations-2.19.2.jar;D:\Program Files\gradle\caches\modules-2\files-2.1\com.fasterxml.jackson.core\jackson-core\2.19.2\50f3b4bd59b9ff51a0ed493e7b5abaf5c39709bf\jackson-core-2.19.2.jar;D:\Program Files\gradle\caches\modules-2\files-2.1\ch.qos.logback\logback-classic\1.5.18\fc371f3fc97a639de2d67947cffb7518ec5e3d40\logback-classic-1.5.18.jar;D:\Program Files\gradle\caches\modules-2\files-2.1\org.apache.logging.log4j\log4j-to-slf4j\2.24.3\da1143e2a2531ee1c2d90baa98eb50a28a39d5a7\log4j-to-slf4j-2.24.3.jar;D:\Program Files\gradle\caches\modules-2\files-2.1\org.slf4j\jul-to-slf4j\2.0.17\524cb6ccc2b68a57604750e1ab8b13b5a786a6aa\jul-to-slf4j-2.0.17.jar;D:\Program Files\gradle\caches\modules-2\files-2.1\org.springframework\spring-jcl\6.2.10\9ff7e998fe11d991f6b7fd000a0c6583c9e6ffee\spring-jcl-6.2.10.jar;D:\Program Files\gradle\caches\modules-2\files-2.1\org.springframework\spring-expression\6.2.10\16bdfead8a73673e395441c14b1868a128fc87c2\spring-expression-6.2.10.jar;D:\Program Files\gradle\caches\modules-2\files-2.1\io.micrometer\micrometer-observation\1.15.3\e95d07e329f6d3ecb15a6ba1c5d96c25b9df0a97\micrometer-observation-1.15.3.jar;D:\Program Files\gradle\caches\modules-2\files-2.1\com.google.code.findbugs\jsr305\3.0.2\25ea2e8b0c338a877313bd4672d3fe056ea78f0d\jsr305-3.0.2.jar;D:\Program Files\gradle\caches\modules-2\files-2.1\com.google.errorprone\error_prone_annotations\2.30.0\ff171acb7fb9cbe2b9f50b391e1d52459d30ee62\error_prone_annotations-2.30.0.jar;D:\Program Files\gradle\caches\modules-2\files-2.1\com.google.guava\failureaccess\1.0.2\c4a06a64e650562f30b7bf9aaec1bfed43aca12b\failureaccess-1.0.2.jar;D:\Program Files\gradle\caches\modules-2\files-2.1\com.google.guava\listenablefuture\9999.0-empty-to-avoid-conflict-with-guava\b421526c5f297295adef1c886e5246c39d4ac629\listenablefuture-9999.0-empty-to-avoid-conflict-with-guava.jar;D:\Program Files\gradle\caches\modules-2\files-2.1\org.checkerframework\checker-qual\3.43.0\9425eee39e56b116d2b998b7c2cebcbd11a3c98b\checker-qual-3.43.0.jar;D:\Program Files\gradle\caches\modules-2\files-2.1\com.google.j2objc\j2objc-annotations\3.0.0\7399e65dd7e9ff3404f4535b2f017093bdb134c7\j2objc-annotations-3.0.0.jar;D:\Program Files\gradle\caches\modules-2\files-2.1\org.springframework.security\spring-security-crypto\6.5.3\b120779667b42a1a412aa0e4426dfab5287f2d5a\spring-security-crypto-6.5.3.jar;D:\Program Files\gradle\caches\modules-2\files-2.1\ch.qos.logback\logback-core\1.5.18\6c0375624f6f36b4e089e2488ba21334a11ef13f\logback-core-1.5.18.jar;D:\Program Files\gradle\caches\modules-2\files-2.1\org.apache.logging.log4j\log4j-api\2.24.3\b02c125db8b6d295adf72ae6e71af5d83bce2370\log4j-api-2.24.3.jar;D:\Program Files\gradle\caches\modules-2\files-2.1\io.micrometer\micrometer-commons\1.15.3\3a97060d64a54daa11f14365aebc559fa8820281\micrometer-commons-1.15.3.jar;D:\Program Files\gradle\caches\modules-2\files-2.1\org.postgresql\postgresql\42.7.7\67f8093e8d8104c74bbf588392ac3229803f5d17\postgresql-42.7.7.jar;D:\Program Files\gradle\caches\modules-2\files-2.1\io.grpc\grpc-protobuf\1.75.0\860c62ef62ddf24e0f2b04459d846b269f5fa7b9\grpc-protobuf-1.75.0.jar;D:\Program Files\gradle\caches\modules-2\files-2.1\io.grpc\grpc-util\1.75.0\7e947cd64e9419a1d005b22ab39ff04045e931b8\grpc-util-1.75.0.jar;D:\Program Files\gradle\caches\modules-2\files-2.1\com.google.code.gson\gson\2.13.1\853ce06c11316b33a8eae5e9095da096a9528b8f\gson-2.13.1.jar;D:\Program Files\gradle\caches\modules-2\files-2.1\com.google.errorprone\error_prone_annotations\2.38.0\fc0ae991433e8590ba51cd558421478318a74c8c\error_prone_annotations-2.38.0.jar;D:\Program Files\gradle\caches\modules-2\files-2.1\io.perfmark\perfmark-api\0.27.0\f86f575a41b091786a4b027cd9c0c1d2e3fc1c01\perfmark-api-0.27.0.jar;D:\Program Files\gradle\caches\modules-2\files-2.1\org.checkerframework\checker-qual\3.49.3\119a4df4ba2e6a432b23989a785f81be38a56849\checker-qual-3.49.3.jar;D:\Program Files\gradle\caches\modules-2\files-2.1\com.google.api.grpc\proto-google-common-protos\2.59.2\7de5fb9d2ad6cd65e59194ff0cba99c1152e7786\proto-google-common-protos-2.59.2.jar;D:\Program Files\gradle\caches\modules-2\files-2.1\io.grpc\grpc-protobuf-lite\1.75.0\d6f87ed690a382c7340ff71c521daf4be3f1c7eb\grpc-protobuf-lite-1.75.0.jar;D:\Program Files\gradle\caches\modules-2\files-2.1\org.jboss.logging\jboss-logging\3.6.1.Final\886afbb445b4016a37c8960a7aef6ebd769ce7e5\jboss-logging-3.6.1.Final.jar;D:\Program Files\gradle\caches\modules-2\files-2.1\org.hibernate.common\hibernate-commons-annotations\7.0.3.Final\e183c4be8bb41d12e9f19b374e00c34a0a85f439\hibernate-commons-annotations-7.0.3.Final.jar;D:\Program Files\gradle\caches\modules-2\files-2.1\io.smallrye\jandex\3.2.0\f17ad860f62a08487b9edabde608f8ac55c62fa7\jandex-3.2.0.jar;D:\Program Files\gradle\caches\modules-2\files-2.1\com.fasterxml\classmate\1.7.0\e98374da1f2143ac8e6e0a95036994bb19137a3\classmate-1.7.0.jar;D:\Program Files\gradle\caches\modules-2\files-2.1\net.bytebuddy\byte-buddy\1.17.7\3856bfab61beb23e099a0d6629f2ba8de4b98ace\byte-buddy-1.17.7.jar;D:\Program Files\gradle\caches\modules-2\files-2.1\org.glassfish.jaxb\jaxb-runtime\4.0.5\ca84c2a7169b5293e232b9d00d1e4e36d4c3914a\jaxb-runtime-4.0.5.jar;D:\Program Files\gradle\caches\modules-2\files-2.1\jakarta.xml.bind\jakarta.xml.bind-api\4.0.2\6cd5a999b834b63238005b7144136379dc36cad2\jakarta.xml.bind-api-4.0.2.jar;D:\Program Files\gradle\caches\modules-2\files-2.1\jakarta.inject\jakarta.inject-api\2.0.1\4c28afe1991a941d7702fe1362c365f0a8641d1e\jakarta.inject-api-2.0.1.jar;D:\Program Files\gradle\caches\modules-2\files-2.1\io.grpc\grpc-context\1.75.0\48b9b21360450b15a734f77d2ed89f1cf67304c0\grpc-context-1.75.0.jar;D:\Program Files\gradle\caches\modules-2\files-2.1\com.google.android\annotations\4.1.1.4\a1678ba907bf92691d879fef34e1a187038f9259\annotations-4.1.1.4.jar;D:\Program Files\gradle\caches\modules-2\files-2.1\org.glassfish.jaxb\jaxb-core\4.0.5\7b4b11ea5542eea4ad55e1080b23be436795b3\jaxb-core-4.0.5.jar;D:\Program Files\gradle\caches\modules-2\files-2.1\jakarta.activation\jakarta.activation-api\2.1.3\fa165bd70cda600368eee31555222776a46b881f\jakarta.activation-api-2.1.3.jar;D:\Program Files\gradle\caches\modules-2\files-2.1\org.eclipse.angus\angus-activation\2.0.2\41f1e0ddd157c856926ed149ab837d110955a9fc\angus-activation-2.0.2.jar;D:\Program Files\gradle\caches\modules-2\files-2.1\org.glassfish.jaxb\txw2\4.0.5\f36a4ef12120a9bb06d766d6a0e54b144fd7ed98\txw2-4.0.5.jar;D:\Program Files\gradle\caches\modules-2\files-2.1\com.sun.istack\istack-commons-runtime\4.1.2\18ec117c85f3ba0ac65409136afa8e42bc74e739\istack-commons-runtime-4.1.2.jar
2026-02-01T14:30:41.816+03:00  INFO 10288 --- [niffler-currency] [main] g.qa.niffler.service.PropertiesLogger    : java.class.version=65.0
2026-02-01T14:30:41.816+03:00  INFO 10288 --- [niffler-currency] [main] g.qa.niffler.service.PropertiesLogger    : java.home=C:\Users\esyti\.jdks\temurin-21.0.8
2026-02-01T14:30:41.816+03:00  INFO 10288 --- [niffler-currency] [main] g.qa.niffler.service.PropertiesLogger    : java.io.tmpdir=C:\Users\esyti\AppData\Local\Temp\
2026-02-01T14:30:41.817+03:00  INFO 10288 --- [niffler-currency] [main] g.qa.niffler.service.PropertiesLogger    : java.library.path=C:\Users\esyti\.jdks\temurin-21.0.8\bin;C:\WINDOWS\Sun\Java\bin;C:\WINDOWS\system32;C:\WINDOWS;C:\Windows\System32\HWAudioDriverLibs;C:\WINDOWS\system32;C:\WINDOWS;C:\WINDOWS\System32\Wbem;C:\WINDOWS\System32\WindowsPowerShell\v1.0\;C:\WINDOWS\System32\OpenSSH\;C:\WINDOWS\system32\config\systemprofile\AppData\Local\Microsoft\WindowsApps;D:\PHP;C:\Program Files\dotnet\;C:\Program Files\Microsoft SQL Server\Client SDK\ODBC\170\Tools\Binn\;C:\WINDOWS\system32;C:\WINDOWS;C:\WINDOWS\System32\Wbem;C:\WINDOWS\System32\WindowsPowerShell\v1.0\;C:\WINDOWS\System32\OpenSSH\;C:\MinGW\bin;D:\Program Files\Erlang OTP\bin;C:\Program Files\Docker\Docker\resources\bin;C:\Users\esyti\.jdks\temurin-21.0.8\bin;D:\Program Files (x86)\Nodist\bin;C:\Program Files\Git\cmd;C:\Users\esyti\AppData\Local\Microsoft\WindowsApps;C:\Users\esyti\.dotnet\tools;D:\msys64\ucrt64\bin;D:\msys64\ucrt64\x86_64-w64-mingw32\bin;C:\Users\esyti\.jdks\temurin-21.0.8\bin;D:\git\bin\git.exe;D:\Program Files (x86)\OpenIDE 2025.1.3\bin;;D:\allure-2.36.0\allure-2.36.0\bin;;.
2026-02-01T14:30:41.817+03:00  INFO 10288 --- [niffler-currency] [main] g.qa.niffler.service.PropertiesLogger    : java.rmi.server.randomIDs=true
2026-02-01T14:30:41.817+03:00  INFO 10288 --- [niffler-currency] [main] g.qa.niffler.service.PropertiesLogger    : java.runtime.name=OpenJDK Runtime Environment
2026-02-01T14:30:41.817+03:00  INFO 10288 --- [niffler-currency] [main] g.qa.niffler.service.PropertiesLogger    : java.runtime.version=21.0.8+9-LTS
2026-02-01T14:30:41.817+03:00  INFO 10288 --- [niffler-currency] [main] g.qa.niffler.service.PropertiesLogger    : java.specification.name=Java Platform API Specification
2026-02-01T14:30:41.817+03:00  INFO 10288 --- [niffler-currency] [main] g.qa.niffler.service.PropertiesLogger    : java.specification.vendor=Oracle Corporation
2026-02-01T14:30:41.817+03:00  INFO 10288 --- [niffler-currency] [main] g.qa.niffler.service.PropertiesLogger    : java.specification.version=21
2026-02-01T14:30:41.819+03:00  INFO 10288 --- [niffler-currency] [main] g.qa.niffler.service.PropertiesLogger    : java.vendor=Eclipse Adoptium
2026-02-01T14:30:41.819+03:00  INFO 10288 --- [niffler-currency] [main] g.qa.niffler.service.PropertiesLogger    : java.vendor.url=https://adoptium.net/
2026-02-01T14:30:41.819+03:00  INFO 10288 --- [niffler-currency] [main] g.qa.niffler.service.PropertiesLogger    : java.vendor.url.bug=https://github.com/adoptium/adoptium-support/issues
2026-02-01T14:30:41.819+03:00  INFO 10288 --- [niffler-currency] [main] g.qa.niffler.service.PropertiesLogger    : java.vendor.version=Temurin-21.0.8+9
2026-02-01T14:30:41.819+03:00  INFO 10288 --- [niffler-currency] [main] g.qa.niffler.service.PropertiesLogger    : java.version=21.0.8
2026-02-01T14:30:41.820+03:00  INFO 10288 --- [niffler-currency] [main] g.qa.niffler.service.PropertiesLogger    : java.version.date=2025-07-15
2026-02-01T14:30:41.820+03:00  INFO 10288 --- [niffler-currency] [main] g.qa.niffler.service.PropertiesLogger    : java.vm.compressedOopsMode=Zero based
2026-02-01T14:30:41.820+03:00  INFO 10288 --- [niffler-currency] [main] g.qa.niffler.service.PropertiesLogger    : java.vm.info=mixed mode, emulated-client, sharing
2026-02-01T14:30:41.821+03:00  INFO 10288 --- [niffler-currency] [main] g.qa.niffler.service.PropertiesLogger    : java.vm.name=OpenJDK 64-Bit Server VM
2026-02-01T14:30:41.821+03:00  INFO 10288 --- [niffler-currency] [main] g.qa.niffler.service.PropertiesLogger    : java.vm.specification.name=Java Virtual Machine Specification
2026-02-01T14:30:41.821+03:00  INFO 10288 --- [niffler-currency] [main] g.qa.niffler.service.PropertiesLogger    : java.vm.specification.vendor=Oracle Corporation
2026-02-01T14:30:41.821+03:00  INFO 10288 --- [niffler-currency] [main] g.qa.niffler.service.PropertiesLogger    : java.vm.specification.version=21
2026-02-01T14:30:41.822+03:00  INFO 10288 --- [niffler-currency] [main] g.qa.niffler.service.PropertiesLogger    : java.vm.vendor=Eclipse Adoptium
2026-02-01T14:30:41.822+03:00  INFO 10288 --- [niffler-currency] [main] g.qa.niffler.service.PropertiesLogger    : java.vm.version=21.0.8+9-LTS
2026-02-01T14:30:41.822+03:00  INFO 10288 --- [niffler-currency] [main] g.qa.niffler.service.PropertiesLogger    : jdk.debug=release
2026-02-01T14:30:41.822+03:00  INFO 10288 --- [niffler-currency] [main] g.qa.niffler.service.PropertiesLogger    : line.separator=

2026-02-01T14:30:41.822+03:00  INFO 10288 --- [niffler-currency] [main] g.qa.niffler.service.PropertiesLogger    : management.endpoints.jmx.exposure.include=*
2026-02-01T14:30:41.822+03:00  INFO 10288 --- [niffler-currency] [main] g.qa.niffler.service.PropertiesLogger    : native.encoding=Cp1251
2026-02-01T14:30:41.824+03:00  INFO 10288 --- [niffler-currency] [main] g.qa.niffler.service.PropertiesLogger    : org.jboss.logging.provider=slf4j
2026-02-01T14:30:41.824+03:00  INFO 10288 --- [niffler-currency] [main] g.qa.niffler.service.PropertiesLogger    : os.arch=amd64
2026-02-01T14:30:41.824+03:00  INFO 10288 --- [niffler-currency] [main] g.qa.niffler.service.PropertiesLogger    : os.name=Windows 11
2026-02-01T14:30:41.824+03:00  INFO 10288 --- [niffler-currency] [main] g.qa.niffler.service.PropertiesLogger    : os.version=10.0
2026-02-01T14:30:41.825+03:00  INFO 10288 --- [niffler-currency] [main] g.qa.niffler.service.PropertiesLogger    : path.separator=;
2026-02-01T14:30:41.825+03:00  INFO 10288 --- [niffler-currency] [main] g.qa.niffler.service.PropertiesLogger    : spring.application.admin.enabled=true
2026-02-01T14:30:41.825+03:00  INFO 10288 --- [niffler-currency] [main] g.qa.niffler.service.PropertiesLogger    : spring.jmx.enabled=true
2026-02-01T14:30:41.825+03:00  INFO 10288 --- [niffler-currency] [main] g.qa.niffler.service.PropertiesLogger    : spring.liveBeansView.mbeanDomain=
2026-02-01T14:30:41.825+03:00  INFO 10288 --- [niffler-currency] [main] g.qa.niffler.service.PropertiesLogger    : spring.output.ansi.enabled=always
2026-02-01T14:30:41.825+03:00  INFO 10288 --- [niffler-currency] [main] g.qa.niffler.service.PropertiesLogger    : spring.profiles.active=local
2026-02-01T14:30:41.826+03:00  INFO 10288 --- [niffler-currency] [main] g.qa.niffler.service.PropertiesLogger    : stderr.encoding=UTF-8
2026-02-01T14:30:41.826+03:00  INFO 10288 --- [niffler-currency] [main] g.qa.niffler.service.PropertiesLogger    : stdout.encoding=UTF-8
2026-02-01T14:30:41.826+03:00  INFO 10288 --- [niffler-currency] [main] g.qa.niffler.service.PropertiesLogger    : sun.arch.data.model=64
2026-02-01T14:30:41.826+03:00  INFO 10288 --- [niffler-currency] [main] g.qa.niffler.service.PropertiesLogger    : sun.boot.library.path=C:\Users\esyti\.jdks\temurin-21.0.8\bin
2026-02-01T14:30:41.826+03:00  INFO 10288 --- [niffler-currency] [main] g.qa.niffler.service.PropertiesLogger    : sun.cpu.endian=little
2026-02-01T14:30:41.826+03:00  INFO 10288 --- [niffler-currency] [main] g.qa.niffler.service.PropertiesLogger    : sun.cpu.isalist=amd64
2026-02-01T14:30:41.827+03:00  INFO 10288 --- [niffler-currency] [main] g.qa.niffler.service.PropertiesLogger    : sun.io.unicode.encoding=UnicodeLittle
2026-02-01T14:30:41.827+03:00  INFO 10288 --- [niffler-currency] [main] g.qa.niffler.service.PropertiesLogger    : sun.java.command=guru.qa.niffler.NifflerCurrencyApplication
2026-02-01T14:30:41.827+03:00  INFO 10288 --- [niffler-currency] [main] g.qa.niffler.service.PropertiesLogger    : sun.java.launcher=SUN_STANDARD
2026-02-01T14:30:41.827+03:00  INFO 10288 --- [niffler-currency] [main] g.qa.niffler.service.PropertiesLogger    : sun.jnu.encoding=Cp1251
2026-02-01T14:30:41.827+03:00  INFO 10288 --- [niffler-currency] [main] g.qa.niffler.service.PropertiesLogger    : sun.management.compiler=HotSpot 64-Bit Tiered Compilers
2026-02-01T14:30:41.828+03:00  INFO 10288 --- [niffler-currency] [main] g.qa.niffler.service.PropertiesLogger    : sun.os.patch.level=
2026-02-01T14:30:41.828+03:00  INFO 10288 --- [niffler-currency] [main] g.qa.niffler.service.PropertiesLogger    : sun.stderr.encoding=UTF-8
2026-02-01T14:30:41.828+03:00  INFO 10288 --- [niffler-currency] [main] g.qa.niffler.service.PropertiesLogger    : sun.stdout.encoding=UTF-8
2026-02-01T14:30:41.828+03:00  INFO 10288 --- [niffler-currency] [main] g.qa.niffler.service.PropertiesLogger    : user.country=RU
2026-02-01T14:30:41.828+03:00  INFO 10288 --- [niffler-currency] [main] g.qa.niffler.service.PropertiesLogger    : user.dir=D:\Courses\niffler-at-courses
2026-02-01T14:30:41.828+03:00  INFO 10288 --- [niffler-currency] [main] g.qa.niffler.service.PropertiesLogger    : user.home=C:\Users\esyti
2026-02-01T14:30:41.828+03:00  INFO 10288 --- [niffler-currency] [main] g.qa.niffler.service.PropertiesLogger    : user.language=ru
2026-02-01T14:30:41.829+03:00  INFO 10288 --- [niffler-currency] [main] g.qa.niffler.service.PropertiesLogger    : user.name=esyti
2026-02-01T14:30:41.829+03:00  INFO 10288 --- [niffler-currency] [main] g.qa.niffler.service.PropertiesLogger    : user.script=
2026-02-01T14:30:41.829+03:00  INFO 10288 --- [niffler-currency] [main] g.qa.niffler.service.PropertiesLogger    : user.timezone=Europe/Moscow
2026-02-01T14:30:41.829+03:00  INFO 10288 --- [niffler-currency] [main] g.qa.niffler.service.PropertiesLogger    : user.variant=
2026-02-01T14:30:41.829+03:00  INFO 10288 --- [niffler-currency] [main] g.qa.niffler.service.PropertiesLogger    : ******* systemEnvironment *******
2026-02-01T14:30:41.829+03:00  INFO 10288 --- [niffler-currency] [main] g.qa.niffler.service.PropertiesLogger    : =::=::\
2026-02-01T14:30:41.829+03:00  INFO 10288 --- [niffler-currency] [main] g.qa.niffler.service.PropertiesLogger    : ALLUSERSPROFILE=C:\ProgramData
2026-02-01T14:30:41.831+03:00  INFO 10288 --- [niffler-currency] [main] g.qa.niffler.service.PropertiesLogger    : APPDATA=C:\Users\esyti\AppData\Roaming
2026-02-01T14:30:41.831+03:00  INFO 10288 --- [niffler-currency] [main] g.qa.niffler.service.PropertiesLogger    : CCP_HOME=C:\Program Files\Microsoft MPI\
2026-02-01T14:30:41.831+03:00  INFO 10288 --- [niffler-currency] [main] g.qa.niffler.service.PropertiesLogger    : CCP_JOBTEMPLATE=Default
2026-02-01T14:30:41.831+03:00  INFO 10288 --- [niffler-currency] [main] g.qa.niffler.service.PropertiesLogger    : CHROME_DRIVER=D:\BellScool\chromedriver_win32_111\chromedriver_111.exe
2026-02-01T14:30:41.831+03:00  INFO 10288 --- [niffler-currency] [main] g.qa.niffler.service.PropertiesLogger    : COMPUTERNAME=LAPTOP-P6IB69AV
2026-02-01T14:30:41.831+03:00  INFO 10288 --- [niffler-currency] [main] g.qa.niffler.service.PropertiesLogger    : ComSpec=C:\WINDOWS\system32\cmd.exe
2026-02-01T14:30:41.831+03:00  INFO 10288 --- [niffler-currency] [main] g.qa.niffler.service.PropertiesLogger    : CommonProgramFiles=C:\Program Files\Common Files
2026-02-01T14:30:41.831+03:00  INFO 10288 --- [niffler-currency] [main] g.qa.niffler.service.PropertiesLogger    : CommonProgramFiles(x86)=C:\Program Files (x86)\Common Files
2026-02-01T14:30:41.831+03:00  INFO 10288 --- [niffler-currency] [main] g.qa.niffler.service.PropertiesLogger    : CommonProgramW6432=C:\Program Files\Common Files
2026-02-01T14:30:41.831+03:00  INFO 10288 --- [niffler-currency] [main] g.qa.niffler.service.PropertiesLogger    : DriverData=C:\Windows\System32\Drivers\DriverData
2026-02-01T14:30:41.831+03:00  INFO 10288 --- [niffler-currency] [main] g.qa.niffler.service.PropertiesLogger    : EFC_8916=1
2026-02-01T14:30:41.831+03:00  INFO 10288 --- [niffler-currency] [main] g.qa.niffler.service.PropertiesLogger    : ERL=D:\Program Files\Erlang OTP\bin\erl.exe
2026-02-01T14:30:41.831+03:00  INFO 10288 --- [niffler-currency] [main] g.qa.niffler.service.PropertiesLogger    : HOMEDRIVE=C:
2026-02-01T14:30:41.831+03:00  INFO 10288 --- [niffler-currency] [main] g.qa.niffler.service.PropertiesLogger    : HOMEPATH=\Users\esyti
2026-02-01T14:30:41.831+03:00  INFO 10288 --- [niffler-currency] [main] g.qa.niffler.service.PropertiesLogger    : IGCCSVC_DB=AQAAANCMnd8BFdERjHoAwE/Cl+sBAAAATK7C3kBgK0GY+q+wUSuV5AQAAAACAAAAAAAQZgAAAAEAACAAAACLbE5/JdRtjsuxk3kQ71aNtfEguFbCyiK2fX+vB3s1fwAAAAAOgAAAAAIAACAAAACn5sVLbr8B5fZhISNKtLzHF3hkGImdBjkQi1ZgyAFgDGAAAAAs8H7+deTiKCXPPUVMUn4sCWSpVADqlLJ/ZipzggOPhiiQMFryaballX2lZ05CX0NsQPZqkuV2F8pOv9XMRGeE5pUDgoZ6/irgPRiAByunDzO9oQdkc4E+2a59EYUnDN9AAAAAVCwvmnamKIIWhMaANCPH0ak34MxiT3D9IHYWUDqJGcOCtYAKRkyleDMOmltoGel8ej2mdr67C5QyDp1eJENfpA==
2026-02-01T14:30:41.831+03:00  INFO 10288 --- [niffler-currency] [main] g.qa.niffler.service.PropertiesLogger    : JAVA_HOME=C:\Users\esyti\.jdks\temurin-21.0.8
2026-02-01T14:30:41.831+03:00  INFO 10288 --- [niffler-currency] [main] g.qa.niffler.service.PropertiesLogger    : LOCALAPPDATA=C:\Users\esyti\AppData\Local
2026-02-01T14:30:41.832+03:00  INFO 10288 --- [niffler-currency] [main] g.qa.niffler.service.PropertiesLogger    : LOGONSERVER=\\LAPTOP-P6IB69AV
2026-02-01T14:30:41.832+03:00  INFO 10288 --- [niffler-currency] [main] g.qa.niffler.service.PropertiesLogger    : NODE_PATH=D:\Program Files (x86)\Nodist\bin\node_modules;%NODE_PATH%
2026-02-01T14:30:41.832+03:00  INFO 10288 --- [niffler-currency] [main] g.qa.niffler.service.PropertiesLogger    : NODIST_PREFIX=D:\Program Files (x86)\Nodist
2026-02-01T14:30:41.832+03:00  INFO 10288 --- [niffler-currency] [main] g.qa.niffler.service.PropertiesLogger    : NODIST_X64=1
2026-02-01T14:30:41.832+03:00  INFO 10288 --- [niffler-currency] [main] g.qa.niffler.service.PropertiesLogger    : NUMBER_OF_PROCESSORS=8
2026-02-01T14:30:41.832+03:00  INFO 10288 --- [niffler-currency] [main] g.qa.niffler.service.PropertiesLogger    : OS=Windows_NT
2026-02-01T14:30:41.832+03:00  INFO 10288 --- [niffler-currency] [main] g.qa.niffler.service.PropertiesLogger    : OneDrive=C:\Users\esyti\OneDrive
2026-02-01T14:30:41.832+03:00  INFO 10288 --- [niffler-currency] [main] g.qa.niffler.service.PropertiesLogger    : OneDriveConsumer=C:\Users\esyti\OneDrive
2026-02-01T14:30:41.832+03:00  INFO 10288 --- [niffler-currency] [main] g.qa.niffler.service.PropertiesLogger    : OpenIDE=D:\Program Files (x86)\OpenIDE 2025.1.3\bin;
2026-02-01T14:30:41.832+03:00  INFO 10288 --- [niffler-currency] [main] g.qa.niffler.service.PropertiesLogger    : PATHEXT=.COM;.EXE;.BAT;.CMD;.VBS;.VBE;.JS;.JSE;.WSF;.WSH;.MSC
2026-02-01T14:30:41.834+03:00  INFO 10288 --- [niffler-currency] [main] g.qa.niffler.service.PropertiesLogger    : PROCESSOR_ARCHITECTURE=AMD64
2026-02-01T14:30:41.834+03:00  INFO 10288 --- [niffler-currency] [main] g.qa.niffler.service.PropertiesLogger    : PROCESSOR_IDENTIFIER=Intel64 Family 6 Model 140 Stepping 1, GenuineIntel
2026-02-01T14:30:41.834+03:00  INFO 10288 --- [niffler-currency] [main] g.qa.niffler.service.PropertiesLogger    : PROCESSOR_LEVEL=6
2026-02-01T14:30:41.834+03:00  INFO 10288 --- [niffler-currency] [main] g.qa.niffler.service.PropertiesLogger    : PROCESSOR_REVISION=8c01
2026-02-01T14:30:41.835+03:00  INFO 10288 --- [niffler-currency] [main] g.qa.niffler.service.PropertiesLogger    : PSModulePath=C:\Program Files\WindowsPowerShell\Modules;C:\WINDOWS\system32\WindowsPowerShell\v1.0\Modules
2026-02-01T14:30:41.835+03:00  INFO 10288 --- [niffler-currency] [main] g.qa.niffler.service.PropertiesLogger    : PUBLIC=C:\Users\Public
2026-02-01T14:30:41.835+03:00  INFO 10288 --- [niffler-currency] [main] g.qa.niffler.service.PropertiesLogger    : Path=C:\Windows\System32\HWAudioDriverLibs;C:\WINDOWS\system32;C:\WINDOWS;C:\WINDOWS\System32\Wbem;C:\WINDOWS\System32\WindowsPowerShell\v1.0\;C:\WINDOWS\System32\OpenSSH\;C:\WINDOWS\system32\config\systemprofile\AppData\Local\Microsoft\WindowsApps;D:\PHP;C:\Program Files\dotnet\;C:\Program Files\Microsoft SQL Server\Client SDK\ODBC\170\Tools\Binn\;C:\WINDOWS\system32;C:\WINDOWS;C:\WINDOWS\System32\Wbem;C:\WINDOWS\System32\WindowsPowerShell\v1.0\;C:\WINDOWS\System32\OpenSSH\;C:\MinGW\bin;D:\Program Files\Erlang OTP\bin;C:\Program Files\Docker\Docker\resources\bin;C:\Users\esyti\.jdks\temurin-21.0.8\bin;D:\Program Files (x86)\Nodist\bin;C:\Program Files\Git\cmd;C:\Users\esyti\AppData\Local\Microsoft\WindowsApps;C:\Users\esyti\.dotnet\tools;D:\msys64\ucrt64\bin;D:\msys64\ucrt64\x86_64-w64-mingw32\bin;C:\Users\esyti\.jdks\temurin-21.0.8\bin;D:\git\bin\git.exe;D:\Program Files (x86)\OpenIDE 2025.1.3\bin;;D:\allure-2.36.0\allure-2.36.0\bin;
2026-02-01T14:30:41.835+03:00  INFO 10288 --- [niffler-currency] [main] g.qa.niffler.service.PropertiesLogger    : ProgramData=C:\ProgramData
2026-02-01T14:30:41.835+03:00  INFO 10288 --- [niffler-currency] [main] g.qa.niffler.service.PropertiesLogger    : ProgramFiles=C:\Program Files
2026-02-01T14:30:41.835+03:00  INFO 10288 --- [niffler-currency] [main] g.qa.niffler.service.PropertiesLogger    : ProgramFiles(x86)=C:\Program Files (x86)
2026-02-01T14:30:41.835+03:00  INFO 10288 --- [niffler-currency] [main] g.qa.niffler.service.PropertiesLogger    : ProgramW6432=C:\Program Files
2026-02-01T14:30:41.835+03:00  INFO 10288 --- [niffler-currency] [main] g.qa.niffler.service.PropertiesLogger    : QUARTUS_ROOTDIR=D:\altera\13.0\quartus
2026-02-01T14:30:41.836+03:00  INFO 10288 --- [niffler-currency] [main] g.qa.niffler.service.PropertiesLogger    : SESSIONNAME=Console
2026-02-01T14:30:41.836+03:00  INFO 10288 --- [niffler-currency] [main] g.qa.niffler.service.PropertiesLogger    : SOPC_KIT_NIOS2=D:\altera\13.0\nios2eds
2026-02-01T14:30:41.836+03:00  INFO 10288 --- [niffler-currency] [main] g.qa.niffler.service.PropertiesLogger    : SystemDrive=C:
2026-02-01T14:30:41.836+03:00  INFO 10288 --- [niffler-currency] [main] g.qa.niffler.service.PropertiesLogger    : SystemRoot=C:\WINDOWS
2026-02-01T14:30:41.836+03:00  INFO 10288 --- [niffler-currency] [main] g.qa.niffler.service.PropertiesLogger    : TEMP=C:\Users\esyti\AppData\Local\Temp
2026-02-01T14:30:41.836+03:00  INFO 10288 --- [niffler-currency] [main] g.qa.niffler.service.PropertiesLogger    : TMP=C:\Users\esyti\AppData\Local\Temp
2026-02-01T14:30:41.837+03:00  INFO 10288 --- [niffler-currency] [main] g.qa.niffler.service.PropertiesLogger    : USERDOMAIN=LAPTOP-P6IB69AV
2026-02-01T14:30:41.837+03:00  INFO 10288 --- [niffler-currency] [main] g.qa.niffler.service.PropertiesLogger    : USERDOMAIN_ROAMINGPROFILE=LAPTOP-P6IB69AV
2026-02-01T14:30:41.837+03:00  INFO 10288 --- [niffler-currency] [main] g.qa.niffler.service.PropertiesLogger    : USERNAME=esyti
2026-02-01T14:30:41.837+03:00  INFO 10288 --- [niffler-currency] [main] g.qa.niffler.service.PropertiesLogger    : USERPROFILE=C:\Users\esyti
2026-02-01T14:30:41.838+03:00  INFO 10288 --- [niffler-currency] [main] g.qa.niffler.service.PropertiesLogger    : ZES_ENABLE_SYSMAN=1
2026-02-01T14:30:41.838+03:00  INFO 10288 --- [niffler-currency] [main] g.qa.niffler.service.PropertiesLogger    : windir=C:\WINDOWS
2026-02-01T14:30:41.839+03:00  INFO 10288 --- [niffler-currency] [main] g.qa.niffler.service.PropertiesLogger    : ******* Config resource 'class path resource [application.yaml]' via location 'optional:classpath:/' (document #1) *******
2026-02-01T14:30:41.839+03:00  INFO 10288 --- [niffler-currency] [main] g.qa.niffler.service.PropertiesLogger    : spring.autoconfigure.exclude[0]=org.springframework.cloud.vault.config.VaultAutoConfiguration
2026-02-01T14:30:41.839+03:00  INFO 10288 --- [niffler-currency] [main] g.qa.niffler.service.PropertiesLogger    : spring.autoconfigure.exclude[1]=org.springframework.cloud.vault.config.VaultObservationAutoConfiguration
2026-02-01T14:30:41.841+03:00  INFO 10288 --- [niffler-currency] [main] g.qa.niffler.service.PropertiesLogger    : spring.autoconfigure.exclude[2]=org.springframework.cloud.vault.config.VaultReactiveAutoConfiguration
2026-02-01T14:30:41.841+03:00  INFO 10288 --- [niffler-currency] [main] g.qa.niffler.service.PropertiesLogger    : spring.config.activate.on-profile=local
2026-02-01T14:30:41.841+03:00  INFO 10288 --- [niffler-currency] [main] g.qa.niffler.service.PropertiesLogger    : spring.datasource.password=secret
2026-02-01T14:30:41.842+03:00  INFO 10288 --- [niffler-currency] [main] g.qa.niffler.service.PropertiesLogger    : spring.datasource.url=jdbc:postgresql://localhost:5432/niffler-currency
2026-02-01T14:30:41.842+03:00  INFO 10288 --- [niffler-currency] [main] g.qa.niffler.service.PropertiesLogger    : spring.datasource.username=postgres
2026-02-01T14:30:41.842+03:00  INFO 10288 --- [niffler-currency] [main] g.qa.niffler.service.PropertiesLogger    : ******* Config resource 'class path resource [application.yaml]' via location 'optional:classpath:/' (document #0) *******
2026-02-01T14:30:41.843+03:00  INFO 10288 --- [niffler-currency] [main] g.qa.niffler.service.PropertiesLogger    : grpc.server.max-inbound-message-size=1MB
2026-02-01T14:30:41.843+03:00  INFO 10288 --- [niffler-currency] [main] g.qa.niffler.service.PropertiesLogger    : grpc.server.port=8092
2026-02-01T14:30:41.843+03:00  INFO 10288 --- [niffler-currency] [main] g.qa.niffler.service.PropertiesLogger    : logging.file.path=./logs/niffler-currency
2026-02-01T14:30:41.843+03:00  INFO 10288 --- [niffler-currency] [main] g.qa.niffler.service.PropertiesLogger    : logging.level.org.springframework.boot.autoconfigure=INFO
2026-02-01T14:30:41.843+03:00  INFO 10288 --- [niffler-currency] [main] g.qa.niffler.service.PropertiesLogger    : logging.level.org.springframework.security=INFO
2026-02-01T14:30:41.843+03:00  INFO 10288 --- [niffler-currency] [main] g.qa.niffler.service.PropertiesLogger    : logging.level.org.springframework.security.oauth2=INFO
2026-02-01T14:30:41.844+03:00  INFO 10288 --- [niffler-currency] [main] g.qa.niffler.service.PropertiesLogger    : logging.level.org.springframework.web=INFO
2026-02-01T14:30:41.844+03:00  INFO 10288 --- [niffler-currency] [main] g.qa.niffler.service.PropertiesLogger    : logging.level.root=INFO
2026-02-01T14:30:41.844+03:00  INFO 10288 --- [niffler-currency] [main] g.qa.niffler.service.PropertiesLogger    : server.port=8091
2026-02-01T14:30:41.844+03:00  INFO 10288 --- [niffler-currency] [main] g.qa.niffler.service.PropertiesLogger    : spring.application.name=niffler-currency
2026-02-01T14:30:41.844+03:00  INFO 10288 --- [niffler-currency] [main] g.qa.niffler.service.PropertiesLogger    : spring.cloud.compatibility-verifier.enabled=false
2026-02-01T14:30:41.844+03:00  INFO 10288 --- [niffler-currency] [main] g.qa.niffler.service.PropertiesLogger    : spring.datasource.hikari.auto-commit=true
2026-02-01T14:30:41.845+03:00  INFO 10288 --- [niffler-currency] [main] g.qa.niffler.service.PropertiesLogger    : spring.datasource.hikari.connection-timeout=20000
2026-02-01T14:30:41.845+03:00  INFO 10288 --- [niffler-currency] [main] g.qa.niffler.service.PropertiesLogger    : spring.datasource.hikari.idle-timeout=10000
2026-02-01T14:30:41.846+03:00  INFO 10288 --- [niffler-currency] [main] g.qa.niffler.service.PropertiesLogger    : spring.datasource.hikari.max-lifetime=1000
2026-02-01T14:30:41.846+03:00  INFO 10288 --- [niffler-currency] [main] g.qa.niffler.service.PropertiesLogger    : spring.datasource.hikari.maximum-pool-size=30
2026-02-01T14:30:41.846+03:00  INFO 10288 --- [niffler-currency] [main] g.qa.niffler.service.PropertiesLogger    : spring.datasource.hikari.minimum-idle=10
2026-02-01T14:30:41.846+03:00  INFO 10288 --- [niffler-currency] [main] g.qa.niffler.service.PropertiesLogger    : spring.flyway.baseline-on-migrate=true
2026-02-01T14:30:41.846+03:00  INFO 10288 --- [niffler-currency] [main] g.qa.niffler.service.PropertiesLogger    : spring.flyway.baseline-version=0
2026-02-01T14:30:41.846+03:00  INFO 10288 --- [niffler-currency] [main] g.qa.niffler.service.PropertiesLogger    : spring.flyway.enabled=true
2026-02-01T14:30:41.846+03:00  INFO 10288 --- [niffler-currency] [main] g.qa.niffler.service.PropertiesLogger    : spring.flyway.locations=classpath:db/migration/niffler-currency
2026-02-01T14:30:41.847+03:00  INFO 10288 --- [niffler-currency] [main] g.qa.niffler.service.PropertiesLogger    : spring.flyway.schemas=public
2026-02-01T14:30:41.847+03:00  INFO 10288 --- [niffler-currency] [main] g.qa.niffler.service.PropertiesLogger    : spring.jpa.database-platform=org.hibernate.dialect.PostgreSQLDialect
2026-02-01T14:30:41.847+03:00  INFO 10288 --- [niffler-currency] [main] g.qa.niffler.service.PropertiesLogger    : spring.jpa.generate-ddl=true
2026-02-01T14:30:41.847+03:00  INFO 10288 --- [niffler-currency] [main] g.qa.niffler.service.PropertiesLogger    : spring.jpa.hibernate.ddl-auto=none
2026-02-01T14:30:41.847+03:00  INFO 10288 --- [niffler-currency] [main] g.qa.niffler.service.PropertiesLogger    : spring.jpa.open-in-view=false
2026-02-01T14:30:41.848+03:00  INFO 10288 --- [niffler-currency] [main] g.qa.niffler.service.PropertiesLogger    : spring.jpa.properties.hibernate.jdbc.lob.non_contextual_creation=true
2026-02-01T14:30:41.848+03:00  INFO 10288 --- [niffler-currency] [main] g.qa.niffler.service.PropertiesLogger    : spring.jpa.show-sql=false
2026-02-01T14:30:41.848+03:00  INFO 10288 --- [niffler-currency] [main] g.qa.niffler.service.PropertiesLogger    : ******* springCloudClientHostInfo *******
2026-02-01T14:30:41.848+03:00  INFO 10288 --- [niffler-currency] [main] g.qa.niffler.service.PropertiesLogger    : spring.cloud.client.hostname=LAPTOP-P6IB69AV.mshome.net
2026-02-01T14:30:41.848+03:00  INFO 10288 --- [niffler-currency] [main] g.qa.niffler.service.PropertiesLogger    : spring.cloud.client.ip-address=172.21.144.1
2026-02-01T14:30:41.848+03:00  INFO 10288 --- [niffler-currency] [main] g.qa.niffler.service.PropertiesLogger    : ******* applicationInfo *******
2026-02-01T14:30:41.849+03:00  INFO 10288 --- [niffler-currency] [main] g.qa.niffler.service.PropertiesLogger    : spring.application.pid=10288
2026-02-01T14:30:43.320+03:00  INFO 10288 --- [niffler-currency] [main] .s.d.r.c.RepositoryConfigurationDelegate : Bootstrapping Spring Data JPA repositories in DEFAULT mode.
2026-02-01T14:30:43.433+03:00  INFO 10288 --- [niffler-currency] [main] .s.d.r.c.RepositoryConfigurationDelegate : Finished Spring Data repository scanning in 98 ms. Found 1 JPA repository interface.
2026-02-01T14:30:43.778+03:00  INFO 10288 --- [niffler-currency] [main] o.s.cloud.context.scope.GenericScope     : BeanFactory id=9ede96fa-6f3e-3fb9-a315-306544f1f25f
2026-02-01T14:30:44.536+03:00  WARN 10288 --- [niffler-currency] [main] com.zaxxer.hikari.HikariConfig           : HikariPool-1 - maxLifetime is less than 30000ms, setting to default 1800000ms.
2026-02-01T14:30:44.537+03:00  INFO 10288 --- [niffler-currency] [main] com.zaxxer.hikari.HikariDataSource       : HikariPool-1 - Starting...
2026-02-01T14:30:45.161+03:00  INFO 10288 --- [niffler-currency] [main] com.zaxxer.hikari.pool.HikariPool        : HikariPool-1 - Added connection org.postgresql.jdbc.PgConnection@1b482cbf
2026-02-01T14:30:45.164+03:00  INFO 10288 --- [niffler-currency] [main] com.zaxxer.hikari.HikariDataSource       : HikariPool-1 - Start completed.
2026-02-01T14:30:45.350+03:00  INFO 10288 --- [niffler-currency] [main] org.flywaydb.core.FlywayExecutor         : Database: jdbc:postgresql://localhost:5432/niffler-currency (PostgreSQL 15.1)
2026-02-01T14:30:46.081+03:00  INFO 10288 --- [niffler-currency] [main] o.f.core.internal.command.DbValidate     : Successfully validated 2 migrations (execution time 00:00.233s)
2026-02-01T14:30:47.208+03:00  INFO 10288 --- [niffler-currency] [main] o.f.core.internal.command.DbMigrate      : Current version of schema "public": 2
2026-02-01T14:30:47.226+03:00  INFO 10288 --- [niffler-currency] [main] o.f.core.internal.command.DbMigrate      : Schema "public" is up to date. No migration necessary.
2026-02-01T14:30:47.730+03:00  INFO 10288 --- [niffler-currency] [main] o.hibernate.jpa.internal.util.LogHelper  : HHH000204: Processing PersistenceUnitInfo [name: default]
2026-02-01T14:30:47.860+03:00  INFO 10288 --- [niffler-currency] [main] org.hibernate.Version                    : HHH000412: Hibernate ORM core version 6.6.26.Final
2026-02-01T14:30:47.931+03:00  INFO 10288 --- [niffler-currency] [main] o.h.c.internal.RegionFactoryInitiator    : HHH000026: Second-level cache disabled
2026-02-01T14:30:48.769+03:00  INFO 10288 --- [niffler-currency] [main] o.s.o.j.p.SpringPersistenceUnitInfo      : No LoadTimeWeaver setup: ignoring JPA class transformer
2026-02-01T14:30:48.922+03:00  WARN 10288 --- [niffler-currency] [main] org.hibernate.orm.deprecation            : HHH90000025: PostgreSQLDialect does not need to be specified explicitly using 'hibernate.dialect' (remove the property setting and it will be selected by default)
2026-02-01T14:30:48.958+03:00  INFO 10288 --- [niffler-currency] [main] org.hibernate.orm.connections.pooling    : HHH10001005: Database info:
	Database JDBC URL [Connecting through datasource 'HikariDataSource (HikariPool-1)']
	Database driver: undefined/unknown
	Database version: 15.1
	Autocommit mode: undefined/unknown
	Isolation level: undefined/unknown
	Minimum pool size: undefined/unknown
	Maximum pool size: undefined/unknown
2026-02-01T14:30:50.102+03:00  INFO 10288 --- [niffler-currency] [main] o.h.e.t.j.p.i.JtaPlatformInitiator       : HHH000489: No JTA platform available (set 'hibernate.transaction.jta.platform' to enable JTA platform integration)
2026-02-01T14:30:50.223+03:00  INFO 10288 --- [niffler-currency] [main] j.LocalContainerEntityManagerFactoryBean : Initialized JPA EntityManagerFactory for persistence unit 'default'
2026-02-01T14:30:50.840+03:00  WARN 10288 --- [niffler-currency] [main] o.s.aop.framework.CglibAopProxy          : Unable to proxy interface-implementing method [public final io.grpc.ServerServiceDefinition guru.qa.niffler.grpc.NifflerCurrencyServiceGrpc$NifflerCurrencyServiceImplBase.bindService()] because it is marked as final, consider using interface-based JDK proxies instead.
2026-02-01T14:30:51.273+03:00  INFO 10288 --- [niffler-currency] [main] g.s.a.GrpcServerFactoryAutoConfiguration : Detected grpc-netty-shaded: Creating ShadedNettyGrpcServerFactory
2026-02-01T14:30:51.921+03:00  INFO 10288 --- [niffler-currency] [main] n.d.b.g.s.s.AbstractGrpcServerFactory    : Registered gRPC service: guru.qa.grpc.niffler.NifflerCurrencyService, bean: grpcCurrencyService, class: guru.qa.niffler.service.GrpcCurrencyService$$SpringCGLIB$$0
2026-02-01T14:30:51.922+03:00  INFO 10288 --- [niffler-currency] [main] n.d.b.g.s.s.AbstractGrpcServerFactory    : Registered gRPC service: grpc.health.v1.Health, bean: grpcHealthService, class: io.grpc.protobuf.services.HealthServiceImpl
2026-02-01T14:30:51.922+03:00  INFO 10288 --- [niffler-currency] [main] n.d.b.g.s.s.AbstractGrpcServerFactory    : Registered gRPC service: grpc.reflection.v1alpha.ServerReflection, bean: protoReflectionService, class: io.grpc.protobuf.services.ProtoReflectionService
2026-02-01T14:30:52.123+03:00  INFO 10288 --- [niffler-currency] [main] n.d.b.g.s.s.GrpcServerLifecycle          : gRPC Server started, listening on address: *, port: 8092
2026-02-01T14:30:52.132+03:00  INFO 10288 --- [niffler-currency] [main] g.qa.niffler.NifflerCurrencyApplication  : Started NifflerCurrencyApplication in 11.295 seconds (process running for 14.653)
2026-02-01T14:39:33.116+03:00  INFO 10288 --- [niffler-currency] [SpringApplicationShutdownHook] n.d.b.g.s.s.GrpcServerLifecycle          : Completed gRPC server shutdown
2026-02-01T14:39:33.118+03:00  INFO 10288 --- [niffler-currency] [SpringApplicationShutdownHook] j.LocalContainerEntityManagerFactoryBean : Closing JPA EntityManagerFactory for persistence unit 'default'
2026-02-01T14:39:33.121+03:00  INFO 10288 --- [niffler-currency] [SpringApplicationShutdownHook] com.zaxxer.hikari.HikariDataSource       : HikariPool-1 - Shutdown initiated...
2026-02-01T14:39:33.125+03:00  INFO 10288 --- [niffler-currency] [SpringApplicationShutdownHook] com.zaxxer.hikari.HikariDataSource       : HikariPool-1 - Shutdown completed.
